<?xml version="1.0" encoding="UTF-8"?>
<testng-results ignored="0" total="2" passed="2" failed="0" skipped="0">
  <reporter-output>
  </reporter-output>
  <suite started-at="2024-10-11T18:07:03 IST" name="Default suite" finished-at="2024-10-11T18:07:10 IST" duration-ms="6725">
    <groups>
    </groups>
    <test started-at="2024-10-11T18:07:03 IST" name="Default test" finished-at="2024-10-11T18:07:10 IST" duration-ms="6725">
      <class name="com.springboot.SwagLabTest">
        <test-method signature="swagLabTest()[pri:0, instance:com.springboot.SwagLabTest@6dd7b5a3]" started-at="2024-10-11T18:07:03 IST" name="swagLabTest" finished-at="2024-10-11T18:07:07 IST" duration-ms="3581" status="PASS">
          <reporter-output>
          </reporter-output>
        </test-method> <!-- swagLabTest -->
        <test-method signature="swagLabTest1()[pri:0, instance:com.springboot.SwagLabTest@6dd7b5a3]" started-at="2024-10-11T18:07:07 IST" name="swagLabTest1" finished-at="2024-10-11T18:07:10 IST" duration-ms="3097" status="PASS">
          <reporter-output>
          </reporter-output>
        </test-method> <!-- swagLabTest1 -->
      </class> <!-- com.springboot.SwagLabTest -->
    </test> <!-- Default test -->
  </suite> <!-- Default suite -->
</testng-results>
